[2020/05/02 - http-nio-8080-exec-1 - INFO  - root    : In WalletController at function loginAuthentication]
[2020/05/02 - http-nio-8080-exec-1 - INFO  - root    : In WalletDAOImpl at function loginAuthentication]
[2020/05/02 - http-nio-8080-exec-1 - INFO  - root    : All users informations are fetched.]
[2020/05/02 - http-nio-8080-exec-1 - ERROR - root    : Login authentication failed with mobile-9876543212 and Password-Dhiraj@1234]
[2020/05/02 - http-nio-8080-exec-2 - INFO  - root    : In WalletController at function loginAuthentication]
[2020/05/02 - http-nio-8080-exec-2 - INFO  - root    : In WalletDAOImpl at function loginAuthentication]
[2020/05/02 - http-nio-8080-exec-2 - INFO  - root    : All users informations are fetched.]
[2020/05/02 - http-nio-8080-exec-2 - INFO  - root    : Login authentication successful for - 9876543212]
[2020/05/02 - http-nio-8080-exec-3 - INFO  - root    : In WalletController at function getUserByMobile]
[2020/05/02 - http-nio-8080-exec-3 - INFO  - root    : In WalletDAOImpl at function getUserByMobile]
[2020/05/02 - http-nio-8080-exec-3 - INFO  - root    : User information retrieved by id 9876543212]
[2020/05/02 - http-nio-8080-exec-4 - INFO  - root    : In WalletController at function getUserByMobile]
[2020/05/02 - http-nio-8080-exec-4 - INFO  - root    : In WalletDAOImpl at function getUserByMobile]
[2020/05/02 - http-nio-8080-exec-4 - INFO  - root    : User information retrieved by id 9876543212]
[2020/05/02 - http-nio-8080-exec-5 - INFO  - root    : In WalletController at function getUserByMobile]
[2020/05/02 - http-nio-8080-exec-5 - INFO  - root    : In WalletDAOImpl at function getUserByMobile]
[2020/05/02 - http-nio-8080-exec-5 - INFO  - root    : User information retrieved by id 9876543212]
[2020/05/02 - http-nio-8080-exec-6 - INFO  - root    : In WalletController at function getUserByMobile]
[2020/05/02 - http-nio-8080-exec-6 - INFO  - root    : In WalletDAOImpl at function getUserByMobile]
[2020/05/02 - http-nio-8080-exec-6 - INFO  - root    : User information retrieved by id 9876543212]
[2020/05/02 - http-nio-8080-exec-7 - INFO  - root    : In WalletController at function getUserByMobile]
[2020/05/02 - http-nio-8080-exec-7 - INFO  - root    : In WalletDAOImpl at function getUserByMobile]
[2020/05/02 - http-nio-8080-exec-7 - INFO  - root    : User information retrieved by id 9876543212]
[2020/05/02 - http-nio-8080-exec-8 - INFO  - root    : In WalletController at function getUserByMobile]
[2020/05/02 - http-nio-8080-exec-8 - INFO  - root    : In WalletDAOImpl at function getUserByMobile]
[2020/05/02 - http-nio-8080-exec-8 - INFO  - root    : User information retrieved by id 9876543212]
[2020/05/02 - http-nio-8080-exec-10 - INFO  - root    : In WalletController at function getAllUsers]
[2020/05/02 - http-nio-8080-exec-10 - INFO  - root    : In WalletDAOImpl at function getAllUsers]
[2020/05/02 - http-nio-8080-exec-10 - INFO  - root    : All users informations are fetched.]
[2020/05/02 - http-nio-8080-exec-9 - INFO  - root    : In WalletController at function getUserByMobile]
[2020/05/02 - http-nio-8080-exec-9 - INFO  - root    : In WalletDAOImpl at function getUserByMobile]
[2020/05/02 - http-nio-8080-exec-9 - INFO  - root    : User information retrieved by id 9876543212]
[2020/05/02 - http-nio-8080-exec-1 - INFO  - root    : In WalletController at function getBalance]
[2020/05/02 - http-nio-8080-exec-1 - INFO  - root    : In WalletDAOImpl at function getBalance]
[2020/05/02 - http-nio-8080-exec-1 - INFO  - root    : Balance is fetched of mobile - 9876543212]
[2020/05/02 - http-nio-8080-exec-2 - INFO  - root    : In WalletController at function getUserByMobile]
[2020/05/02 - http-nio-8080-exec-2 - INFO  - root    : In WalletDAOImpl at function getUserByMobile]
[2020/05/02 - http-nio-8080-exec-2 - INFO  - root    : User information retrieved by id 9876543212]
[2020/05/02 - http-nio-8080-exec-3 - INFO  - root    : In WalletController at function getTransaction]
[2020/05/02 - http-nio-8080-exec-3 - INFO  - root    : In WalletDAOImpl at function getTransaction]
[2020/05/02 - http-nio-8080-exec-3 - INFO  - root    : User information retrieved by mobile - 9876543212]
[2020/05/02 - http-nio-8080-exec-3 - INFO  - root    : All transactions are fetched of mobile - 9876543212]
[2020/05/02 - http-nio-8080-exec-4 - INFO  - root    : In WalletController at function getUserByMobile]
[2020/05/02 - http-nio-8080-exec-4 - INFO  - root    : In WalletDAOImpl at function getUserByMobile]
[2020/05/02 - http-nio-8080-exec-4 - INFO  - root    : User information retrieved by id 9876543212]
[2020/05/02 - http-nio-8080-exec-6 - INFO  - root    : In WalletController at function getUserByMobile]
[2020/05/02 - http-nio-8080-exec-6 - INFO  - root    : In WalletDAOImpl at function getUserByMobile]
[2020/05/02 - http-nio-8080-exec-6 - INFO  - root    : User information retrieved by id 9876543212]
[2020/05/02 - http-nio-8080-exec-8 - INFO  - root    : In WalletController at function getAllUsers]
[2020/05/02 - http-nio-8080-exec-8 - INFO  - root    : In WalletDAOImpl at function getAllUsers]
[2020/05/02 - http-nio-8080-exec-8 - INFO  - root    : All users informations are fetched.]
[2020/05/02 - http-nio-8080-exec-1 - INFO  - root    : In WalletController at function getUserByMobile]
[2020/05/02 - http-nio-8080-exec-1 - INFO  - root    : In WalletDAOImpl at function getUserByMobile]
[2020/05/02 - http-nio-8080-exec-1 - INFO  - root    : User information retrieved by id 9876543212]
[2020/05/02 - http-nio-8080-exec-2 - INFO  - root    : In WalletController at function getTransaction]
[2020/05/02 - http-nio-8080-exec-2 - INFO  - root    : In WalletDAOImpl at function getTransaction]
[2020/05/02 - http-nio-8080-exec-2 - INFO  - root    : User information retrieved by mobile - 9876543212]
[2020/05/02 - http-nio-8080-exec-2 - INFO  - root    : All transactions are fetched of mobile - 9876543212]
[2020/05/02 - http-nio-8080-exec-4 - INFO  - root    : In WalletController at function getTransaction]
[2020/05/02 - http-nio-8080-exec-4 - INFO  - root    : In WalletDAOImpl at function getTransaction]
[2020/05/02 - http-nio-8080-exec-4 - INFO  - root    : User information retrieved by mobile - 9876543212]
[2020/05/02 - http-nio-8080-exec-4 - INFO  - root    : All transactions are fetched of mobile - 9876543212]
[2020/05/02 - http-nio-8080-exec-6 - INFO  - root    : In WalletController at function getTransaction]
[2020/05/02 - http-nio-8080-exec-6 - INFO  - root    : In WalletDAOImpl at function getTransaction]
[2020/05/02 - http-nio-8080-exec-6 - INFO  - root    : User information retrieved by mobile - 9876543212]
[2020/05/02 - http-nio-8080-exec-6 - INFO  - root    : All transactions are fetched of mobile - 9876543212]
[2020/05/02 - http-nio-8080-exec-7 - INFO  - root    : In WalletController at function getTransaction]
[2020/05/02 - http-nio-8080-exec-7 - INFO  - root    : In WalletDAOImpl at function getTransaction]
[2020/05/02 - http-nio-8080-exec-7 - INFO  - root    : User information retrieved by mobile - 9876543212]
[2020/05/02 - http-nio-8080-exec-7 - INFO  - root    : All transactions are fetched of mobile - 9876543212]
[2020/05/02 - http-nio-8080-exec-10 - INFO  - root    : In WalletController at function getUserByMobile]
[2020/05/02 - http-nio-8080-exec-10 - INFO  - root    : In WalletDAOImpl at function getUserByMobile]
[2020/05/02 - http-nio-8080-exec-10 - INFO  - root    : User information retrieved by id 9876543212]
[2020/05/02 - http-nio-8080-exec-1 - INFO  - root    : In WalletController at function getAllUsers]
[2020/05/02 - http-nio-8080-exec-1 - INFO  - root    : In WalletDAOImpl at function getAllUsers]
[2020/05/02 - http-nio-8080-exec-1 - INFO  - root    : All users informations are fetched.]
[2020/05/04 - http-nio-8080-exec-2 - INFO  - root    : In WalletController at function loginAuthentication]
[2020/05/04 - http-nio-8080-exec-2 - INFO  - root    : In WalletDAOImpl at function loginAuthentication]
[2020/05/04 - http-nio-8080-exec-2 - INFO  - root    : All users informations are fetched.]
[2020/05/04 - http-nio-8080-exec-2 - INFO  - root    : Login authentication successful for - 9876543212]
[2020/05/04 - http-nio-8080-exec-1 - INFO  - root    : In WalletController at function getUserByMobile]
[2020/05/04 - http-nio-8080-exec-1 - INFO  - root    : In WalletDAOImpl at function getUserByMobile]
[2020/05/04 - http-nio-8080-exec-1 - INFO  - root    : User information retrieved by id 9876543212]
[2020/05/04 - http-nio-8080-exec-3 - INFO  - root    : In WalletController at function getTransaction]
[2020/05/04 - http-nio-8080-exec-3 - INFO  - root    : In WalletDAOImpl at function getTransaction]
[2020/05/04 - http-nio-8080-exec-3 - INFO  - root    : User information retrieved by mobile - 9876543212]
[2020/05/04 - http-nio-8080-exec-3 - INFO  - root    : All transactions are fetched of mobile - 9876543212]
[2020/05/04 - http-nio-8080-exec-4 - INFO  - root    : In WalletController at function getUserByMobile]
[2020/05/04 - http-nio-8080-exec-4 - INFO  - root    : In WalletDAOImpl at function getUserByMobile]
[2020/05/04 - http-nio-8080-exec-4 - INFO  - root    : User information retrieved by id 9876543212]
[2020/05/04 - http-nio-8080-exec-5 - INFO  - root    : In WalletController at function getUserByMobile]
[2020/05/04 - http-nio-8080-exec-5 - INFO  - root    : In WalletDAOImpl at function getUserByMobile]
[2020/05/04 - http-nio-8080-exec-5 - INFO  - root    : User information retrieved by id 9876543212]
[2020/05/04 - http-nio-8080-exec-7 - INFO  - root    : In WalletController at function depositToWallet]
[2020/05/04 - http-nio-8080-exec-7 - INFO  - root    : In WalletDAOImpl at function depositToWallet]
[2020/05/04 - http-nio-8080-exec-7 - INFO  - root    : User information retrieved by mobile - 9876543212]
[2020/05/04 - http-nio-8080-exec-7 - INFO  - root    : Money deposited in account with mobile - 9876543212]
[2020/05/04 - http-nio-8080-exec-7 - INFO  - root    : New transaction = 5.0 is deposited to wallet of mobile - 9876543212]
[2020/05/04 - http-nio-8080-exec-8 - INFO  - root    : In WalletController at function getUserByMobile]
[2020/05/04 - http-nio-8080-exec-8 - INFO  - root    : In WalletDAOImpl at function getUserByMobile]
[2020/05/04 - http-nio-8080-exec-8 - INFO  - root    : User information retrieved by id 9876543212]
[2020/05/04 - http-nio-8080-exec-9 - INFO  - root    : In WalletController at function getTransaction]
[2020/05/04 - http-nio-8080-exec-9 - INFO  - root    : In WalletDAOImpl at function getTransaction]
[2020/05/04 - http-nio-8080-exec-9 - INFO  - root    : User information retrieved by mobile - 9876543212]
[2020/05/04 - http-nio-8080-exec-9 - INFO  - root    : All transactions are fetched of mobile - 9876543212]
[2020/05/04 - http-nio-8080-exec-2 - INFO  - root    : In WalletController at function getUserByMobile]
[2020/05/04 - http-nio-8080-exec-2 - INFO  - root    : In WalletDAOImpl at function getUserByMobile]
[2020/05/04 - http-nio-8080-exec-2 - INFO  - root    : User information retrieved by id 9876543212]
